<?xml version="1.0" encoding="UTF-8"?>
<!-- Generated by org.testng.reporters.JUnitReportReporter -->
<testsuite hostname="notebook" failures="0" tests="1" name="Tests" time="12.351" errors="0" timestamp="14 Jan 2021 09:30:24 GMT" skipped="0">
  <testcase classname="Tests" name="test" time="12.351"/>
</testsuite> <!-- Tests -->
