<?xml version="1.0" encoding="UTF-8"?>
<!-- Generated by org.testng.reporters.JUnitReportReporter -->
<testsuite hostname="notebook" failures="0" tests="1" name="Tests" time="11.938" errors="0" timestamp="14 Jan 2021 11:35:52 GMT" skipped="0">
  <testcase classname="Tests" name="test" time="11.938"/>
</testsuite> <!-- Tests -->
